[INFO] 17:13:41:735 GameCard/(9639:9639): Logger iniciado: GameCard.log

[INFO] 17:13:41:735 GameCard/(9639:9639): Se levanto el archivo de configuracion /home/utnso/workspace/tp-2020-1c-ManaOS-/GameCard/GameCard.config

[INFO] 17:13:41:736 GameCard/(9639:9639): El montaje es: /home/utnso/desktop/tall-grass
[INFO] 17:13:41:736 GameCard/(9639:9639): Se creo hilo de GameBoy
[ERROR] 17:13:41:736 GameCard/(9639:9639): Error de conexion

[ERROR] 17:13:41:736 GameCard/(9639:9639): No se pudo conectar con el Broken
[INFO] 17:15:33:317 GameCard/(9761:9761): Logger iniciado: GameCard.log

[INFO] 17:15:33:317 GameCard/(9761:9761): Se levanto el archivo de configuracion /home/utnso/workspace/tp-2020-1c-ManaOS-/GameCard/GameCard.config

[INFO] 17:15:33:317 GameCard/(9761:9761): El montaje es: /home/utnso/Escritorio/tall-grass
[INFO] 17:15:33:317 GameCard/(9761:9761): Se creo hilo de GameBoy
[ERROR] 17:15:33:317 GameCard/(9761:9761): Error de conexion

[ERROR] 17:15:33:317 GameCard/(9761:9761): No se pudo conectar con el Broken
[INFO] 17:17:26:404 GameCard/(9898:9898): Logger iniciado: GameCard.log

[INFO] 17:17:26:404 GameCard/(9898:9898): Se levanto el archivo de configuracion /home/utnso/workspace/tp-2020-1c-ManaOS-/GameCard/GameCard.config

[INFO] 17:17:26:404 GameCard/(9898:9898): El montaje es: /home/utnso/Escritorio/tall-grass
[INFO] 17:17:26:404 GameCard/(9898:9898): Se creo hilo de GameBoy
[ERROR] 17:17:26:404 GameCard/(9898:9898): Error de conexion

[ERROR] 17:17:26:404 GameCard/(9898:9898): No se pudo conectar con el Broken
[INFO] 17:27:51:441 GameCard/(10397:10397): Logger iniciado: GameCard.log

[INFO] 17:27:51:443 GameCard/(10397:10397): Se levanto el archivo de configuracion /home/utnso/workspace/tp-2020-1c-ManaOS-/GameCard/GameCard.config

[INFO] 17:27:51:443 GameCard/(10397:10397): El montaje es: /home/utnso/Escritorio/tall-grass
[ERROR] 17:27:51:443 GameCard/(10397:10397): no se abrio el meta
[INFO] 12:37:47:988 GameCard/(4476:4476): Logger iniciado: GameCard.log

[INFO] 12:37:47:992 GameCard/(4476:4476): Se levanto el archivo de configuracion /home/utnso/workspace/tp-2020-1c-ManaOS-/GameCard/GameCard.config

[INFO] 12:37:48:927 GameCard/(4476:4476): Montaje de metadata: /home/utnso/Escritorio/tall-grass/Metadata/Metadata.bin 

[INFO] 12:37:48:928 GameCard/(4476:4476): Tamanio archivo: 49
[INFO] 12:37:48:929 GameCard/(4476:4476): BLOCK_SIZE: 64
[INFO] 12:37:48:929 GameCard/(4476:4476): BLOCKS: 5192
[INFO] 12:37:48:929 GameCard/(4476:4476): MAGIC_NUMBER: TALL_GRASS
[INFO] 12:37:48:930 GameCard/(4476:4476): ESTRUCTURA METADATA: 64, 5192, TALL_GRASS
[INFO] 12:37:49:630 GameCard/(4476:4476): Montaje de bitmap: /home/utnso/Escritorio/tall-grass/Metadata/Bitmap.bin 

[INFO] 12:37:49:630 GameCard/(4476:4476): Tamanio archivo: 5192
[INFO] 12:37:49:631 GameCard/(4476:4476): cargado: 5192
[INFO] 12:37:49:631 GameCard/(4476:4476): ::::Bitmap Iniciado::::
[INFO] 12:37:55:382 GameCard/(4476:4476): ::::Se creo hilo de GameBoy::::
[INFO] 12:38:28:989 GameCard/(4537:4537): Logger iniciado: GameCard.log

[INFO] 12:38:28:990 GameCard/(4537:4537): Se levanto el archivo de configuracion /home/utnso/workspace/tp-2020-1c-ManaOS-/GameCard/GameCard.config

[INFO] 12:38:29:501 GameCard/(4537:4537): Montaje de metadata: /home/utnso/Escritorio/tall-grass/Metadata/Metadata.bin 

[INFO] 12:38:29:502 GameCard/(4537:4537): Tamanio archivo: 49
[INFO] 12:38:29:502 GameCard/(4537:4537): BLOCK_SIZE: 64
[INFO] 12:38:29:503 GameCard/(4537:4537): BLOCKS: 5192
[INFO] 12:38:29:503 GameCard/(4537:4537): MAGIC_NUMBER: TALL_GRASS
[INFO] 12:38:29:503 GameCard/(4537:4537): ESTRUCTURA METADATA: 64, 5192, TALL_GRASS
[INFO] 12:38:29:990 GameCard/(4537:4537): Montaje de bitmap: /home/utnso/Escritorio/tall-grass/Metadata/Bitmap.bin 

[INFO] 12:38:29:990 GameCard/(4537:4537): Tamanio archivo: 5192
[INFO] 12:38:29:990 GameCard/(4537:4537): cargado: 5192
[INFO] 12:38:29:990 GameCard/(4537:4537): ::::Bitmap Iniciado::::
[INFO] 12:38:49:507 GameCard/(4592:4592): Logger iniciado: GameCard.log

[INFO] 12:38:49:507 GameCard/(4592:4592): Se levanto el archivo de configuracion /home/utnso/workspace/tp-2020-1c-ManaOS-/GameCard/GameCard.config

[INFO] 12:38:49:865 GameCard/(4592:4592): Montaje de metadata: /home/utnso/Escritorio/tall-grass/Metadata/Metadata.bin 

[INFO] 12:38:49:866 GameCard/(4592:4592): Tamanio archivo: 49
[INFO] 12:38:49:866 GameCard/(4592:4592): BLOCK_SIZE: 64
[INFO] 12:38:49:866 GameCard/(4592:4592): BLOCKS: 5192
[INFO] 12:38:49:866 GameCard/(4592:4592): MAGIC_NUMBER: TALL_GRASS
[INFO] 12:38:49:866 GameCard/(4592:4592): ESTRUCTURA METADATA: 64, 5192, TALL_GRASS
[INFO] 12:38:50:208 GameCard/(4592:4592): Montaje de bitmap: /home/utnso/Escritorio/tall-grass/Metadata/Bitmap.bin 

[INFO] 12:38:50:208 GameCard/(4592:4592): Tamanio archivo: 5192
[INFO] 12:38:50:208 GameCard/(4592:4592): cargado: 5192
[INFO] 12:38:50:208 GameCard/(4592:4592): ::::Bitmap Iniciado::::
[INFO] 12:39:12:866 GameCard/(4642:4642): Logger iniciado: GameCard.log

[INFO] 12:39:12:867 GameCard/(4642:4642): Se levanto el archivo de configuracion /home/utnso/workspace/tp-2020-1c-ManaOS-/GameCard/GameCard.config

[INFO] 12:39:12:868 GameCard/(4642:4642): Montaje de metadata: /home/utnso/Escritorio/tall-grass/Metadata/Metadata.bin 

[INFO] 12:39:12:868 GameCard/(4642:4642): Tamanio archivo: 49
[INFO] 12:39:12:868 GameCard/(4642:4642): BLOCK_SIZE: 64
[INFO] 12:39:12:868 GameCard/(4642:4642): BLOCKS: 5192
[INFO] 12:39:12:868 GameCard/(4642:4642): MAGIC_NUMBER: TALL_GRASS
[INFO] 12:39:12:868 GameCard/(4642:4642): ESTRUCTURA METADATA: 64, 5192, TALL_GRASS
[INFO] 12:39:12:868 GameCard/(4642:4642): Montaje de bitmap: /home/utnso/Escritorio/tall-grass/Metadata/Bitmap.bin 

[INFO] 12:39:12:868 GameCard/(4642:4642): Tamanio archivo: 5192
[INFO] 12:39:12:868 GameCard/(4642:4642): cargado: 5192
[INFO] 12:39:12:868 GameCard/(4642:4642): ::::Bitmap Iniciado::::
[INFO] 12:39:12:869 GameCard/(4642:4642): ::::Se creo hilo de GameBoy::::
[INFO] 19:41:26:161 GameCard/(11468:11468): Logger iniciado: GameCard.log

[INFO] 19:41:26:162 GameCard/(11468:11468): Se levanto el archivo de configuracion /home/utnso/workspace/tp-2020-1c-ManaOS-/GameCard/GameCard.config

[INFO] 19:41:26:162 GameCard/(11468:11468): Ruta de t_list pokemons: /home/utnso/Escritorio/tall-grass/Files/ 

[INFO] 19:41:26:162 GameCard/(11468:11468): Elemento en index 0: PIKACHU

[INFO] 19:41:26:162 GameCard/(11468:11468): Elemento en index 1: CHARIZARD

[INFO] 19:41:26:162 GameCard/(11468:11468): Montaje de metadata: /home/utnso/Escritorio/tall-grass/Metadata/Metadata.bin 

[INFO] 19:41:26:162 GameCard/(11468:11468): Tamanio archivo: 49
[INFO] 19:41:26:162 GameCard/(11468:11468): BLOCK_SIZE: 10
[INFO] 19:41:26:162 GameCard/(11468:11468): BLOCKS: 5192
[INFO] 19:41:26:162 GameCard/(11468:11468): MAGIC_NUMBER: TALL_GRASS
[INFO] 19:41:26:162 GameCard/(11468:11468): ESTRUCTURA METADATA: 10, 5192, TALL_GRASS
[INFO] 19:41:26:163 GameCard/(11468:11468): Montaje de bitmap: /home/utnso/Escritorio/tall-grass/Metadata/Bitmap.bin 

[INFO] 19:41:26:163 GameCard/(11468:11468): cargado: 5192
[INFO] 19:41:26:163 GameCard/(11468:11468): ::::Bitmap Iniciado::::
[INFO] 19:41:26:166 GameCard/(11468:11468): ::::Se creo hilo de GameBoy::::
[INFO] 19:41:26:166 GameCard/(11468:11468): ::::Se creo hilo de suscripcion para: 0::::
[ERROR] 19:41:26:186 GameCard/(11468:11478): Error de conexion

[ERROR] 19:41:26:186 GameCard/(11468:11478): No se pudo conectar con el Broken a la cola de: 0

[INFO] 19:41:26:187 GameCard/(11468:11468): ::::Se creo hilo de suscripcion para: 1::::
[ERROR] 19:41:26:188 GameCard/(11468:11479): Error de conexion

[ERROR] 19:41:26:188 GameCard/(11468:11479): No se pudo conectar con el Broken a la cola de: 1

[INFO] 19:41:26:192 GameCard/(11468:11468): ::::Se creo hilo de suscripcion para: 2::::
[ERROR] 19:41:26:192 GameCard/(11468:11480): Error de conexion

[ERROR] 19:41:26:193 GameCard/(11468:11480): No se pudo conectar con el Broken a la cola de: 2

[ERROR] 19:41:36:187 GameCard/(11468:11478): Error de conexion

[ERROR] 19:41:36:188 GameCard/(11468:11478): No se pudo conectar con el Broken a la cola de: 0

[ERROR] 19:41:36:189 GameCard/(11468:11479): Error de conexion

[ERROR] 19:41:36:190 GameCard/(11468:11479): No se pudo conectar con el Broken a la cola de: 1

[ERROR] 19:41:36:193 GameCard/(11468:11480): Error de conexion

[ERROR] 19:41:36:193 GameCard/(11468:11480): No se pudo conectar con el Broken a la cola de: 2

[ERROR] 19:41:46:189 GameCard/(11468:11478): Error de conexion

[ERROR] 19:41:46:189 GameCard/(11468:11478): No se pudo conectar con el Broken a la cola de: 0

[ERROR] 19:41:46:190 GameCard/(11468:11479): Error de conexion

[ERROR] 19:41:46:190 GameCard/(11468:11479): No se pudo conectar con el Broken a la cola de: 1

[ERROR] 19:41:46:194 GameCard/(11468:11480): Error de conexion

[ERROR] 19:41:46:195 GameCard/(11468:11480): No se pudo conectar con el Broken a la cola de: 2

[ERROR] 19:41:56:189 GameCard/(11468:11478): Error de conexion

[ERROR] 19:41:56:191 GameCard/(11468:11479): Error de conexion

[ERROR] 19:41:56:191 GameCard/(11468:11478): No se pudo conectar con el Broken a la cola de: 0

[ERROR] 19:41:56:191 GameCard/(11468:11479): No se pudo conectar con el Broken a la cola de: 1

[ERROR] 19:41:56:195 GameCard/(11468:11480): Error de conexion

[ERROR] 19:41:56:195 GameCard/(11468:11480): No se pudo conectar con el Broken a la cola de: 2

[ERROR] 19:42:06:192 GameCard/(11468:11479): Error de conexion

[ERROR] 19:42:06:193 GameCard/(11468:11479): No se pudo conectar con el Broken a la cola de: 1

[ERROR] 19:42:06:194 GameCard/(11468:11478): Error de conexion

[ERROR] 19:42:06:194 GameCard/(11468:11478): No se pudo conectar con el Broken a la cola de: 0

[ERROR] 19:42:06:197 GameCard/(11468:11480): Error de conexion

[ERROR] 19:42:06:197 GameCard/(11468:11480): No se pudo conectar con el Broken a la cola de: 2

[ERROR] 19:42:16:193 GameCard/(11468:11479): Error de conexion

[ERROR] 19:42:16:194 GameCard/(11468:11479): No se pudo conectar con el Broken a la cola de: 1

[ERROR] 19:42:16:195 GameCard/(11468:11478): Error de conexion

[ERROR] 19:42:16:195 GameCard/(11468:11478): No se pudo conectar con el Broken a la cola de: 0

[ERROR] 19:42:16:198 GameCard/(11468:11480): Error de conexion

[ERROR] 19:42:16:198 GameCard/(11468:11480): No se pudo conectar con el Broken a la cola de: 2

[INFO] 19:43:35:296 GameCard/(11598:11598): Logger iniciado: GameCard.log

[INFO] 19:43:35:298 GameCard/(11598:11598): Se levanto el archivo de configuracion /home/utnso/workspace/tp-2020-1c-ManaOS-/GameCard/GameCard.config

[INFO] 19:43:35:298 GameCard/(11598:11598): Ruta de t_list pokemons: /home/utnso/Escritorio/tall-grass/Files/ 

[INFO] 19:43:35:298 GameCard/(11598:11598): Elemento en index 0: PIKACHU

[INFO] 19:43:35:298 GameCard/(11598:11598): Elemento en index 1: CHARIZARD

[INFO] 19:43:35:298 GameCard/(11598:11598): Montaje de metadata: /home/utnso/Escritorio/tall-grass/Metadata/Metadata.bin 

[INFO] 19:43:35:298 GameCard/(11598:11598): Tamanio archivo: 49
[INFO] 19:43:35:298 GameCard/(11598:11598): BLOCK_SIZE: 10
[INFO] 19:43:35:298 GameCard/(11598:11598): BLOCKS: 5192
[INFO] 19:43:35:299 GameCard/(11598:11598): MAGIC_NUMBER: TALL_GRASS
[INFO] 19:43:35:299 GameCard/(11598:11598): ESTRUCTURA METADATA: 10, 5192, TALL_GRASS
[INFO] 19:43:35:299 GameCard/(11598:11598): Montaje de bitmap: /home/utnso/Escritorio/tall-grass/Metadata/Bitmap.bin 

[INFO] 19:43:35:300 GameCard/(11598:11598): cargado: 5192
[INFO] 19:43:35:300 GameCard/(11598:11598): ::::Bitmap Iniciado::::
[INFO] 19:43:35:300 GameCard/(11598:11598): ::::Se creo hilo de GameBoy::::
[INFO] 19:43:35:300 GameCard/(11598:11598): ::::Se creo hilo de suscripcion para: 0::::
[INFO] 19:43:35:300 GameCard/(11598:11598): ::::Se creo hilo de suscripcion para: 1::::
[INFO] 19:43:35:300 GameCard/(11598:11598): ::::Se creo hilo de suscripcion para: 2::::
[ERROR] 19:43:35:300 GameCard/(11598:11606): Error de conexion

[ERROR] 19:43:35:300 GameCard/(11598:11606): No se pudo conectar con el Broken a la cola de: 2

[ERROR] 19:43:35:301 GameCard/(11598:11605): Error de conexion

[ERROR] 19:43:35:301 GameCard/(11598:11605): No se pudo conectar con el Broken a la cola de: 1

[ERROR] 19:43:35:301 GameCard/(11598:11604): Error de conexion

[ERROR] 19:43:35:301 GameCard/(11598:11604): No se pudo conectar con el Broken a la cola de: 0

[INFO] 19:43:44:56 GameCard/(11634:11634): Logger iniciado: GameCard.log

[INFO] 19:43:44:57 GameCard/(11634:11634): Se levanto el archivo de configuracion /home/utnso/workspace/tp-2020-1c-ManaOS-/GameCard/GameCard.config

[INFO] 19:43:44:57 GameCard/(11634:11634): Ruta de t_list pokemons: /home/utnso/Escritorio/tall-grass/Files/ 

[INFO] 19:43:44:57 GameCard/(11634:11634): Elemento en index 0: PIKACHU

[INFO] 19:43:44:57 GameCard/(11634:11634): Elemento en index 1: CHARIZARD

[INFO] 19:43:44:57 GameCard/(11634:11634): Montaje de metadata: /home/utnso/Escritorio/tall-grass/Metadata/Metadata.bin 

[INFO] 19:43:44:57 GameCard/(11634:11634): Tamanio archivo: 49
[INFO] 19:43:44:57 GameCard/(11634:11634): BLOCK_SIZE: 10
[INFO] 19:43:44:57 GameCard/(11634:11634): BLOCKS: 5192
[INFO] 19:43:44:57 GameCard/(11634:11634): MAGIC_NUMBER: TALL_GRASS
[INFO] 19:43:44:57 GameCard/(11634:11634): ESTRUCTURA METADATA: 10, 5192, TALL_GRASS
[INFO] 19:43:44:57 GameCard/(11634:11634): Montaje de bitmap: /home/utnso/Escritorio/tall-grass/Metadata/Bitmap.bin 

[INFO] 19:43:44:57 GameCard/(11634:11634): cargado: 5192
[INFO] 19:43:44:58 GameCard/(11634:11634): ::::Bitmap Iniciado::::
[INFO] 19:43:44:61 GameCard/(11634:11634): ::::Se creo hilo de GameBoy::::
[INFO] 19:43:44:62 GameCard/(11634:11634): ::::Se creo hilo de suscripcion para: 0::::
[ERROR] 19:43:44:64 GameCard/(11634:11645): Error de conexion

[INFO] 19:43:44:65 GameCard/(11634:11634): ::::Se creo hilo de suscripcion para: 1::::
[ERROR] 19:43:44:71 GameCard/(11634:11645): No se pudo conectar con el Broken a la cola de: 1

[ERROR] 19:43:44:65 GameCard/(11634:11644): Error de conexion

[ERROR] 19:43:44:71 GameCard/(11634:11644): No se pudo conectar con el Broken a la cola de: 0

[INFO] 19:43:44:72 GameCard/(11634:11634): ::::Se creo hilo de suscripcion para: 2::::
[ERROR] 19:43:44:73 GameCard/(11634:11646): Error de conexion

[ERROR] 19:43:44:73 GameCard/(11634:11646): No se pudo conectar con el Broken a la cola de: 2

[INFO] 19:43:48:163 GameCard/(11634:11649): Existe el pokemon PIKACHU
[ERROR] 19:43:58:427 GameCard/(11634:11644): Error de conexion

[ERROR] 19:43:58:427 GameCard/(11634:11646): Error de conexion

[ERROR] 19:43:58:427 GameCard/(11634:11645): Error de conexion

[ERROR] 19:43:58:428 GameCard/(11634:11644): No se pudo conectar con el Broken a la cola de: 0

[ERROR] 19:43:58:428 GameCard/(11634:11645): No se pudo conectar con el Broken a la cola de: 1

[ERROR] 19:43:58:429 GameCard/(11634:11646): No se pudo conectar con el Broken a la cola de: 2

[INFO] 19:43:58:432 GameCard/(11634:11649): Montaje de path pokemon metadata: /home/utnso/Escritorio/tall-grass/Files/PIKACHU/Metadata.bin 

[INFO] 19:43:58:432 GameCard/(11634:11649): Tamanio archivo: 39
[INFO] 19:43:58:432 GameCard/(11634:11649): Mapeado /home/utnso/Escritorio/tall-grass/Files/PIKACHU/Metadata.bin
[ERROR] 19:44:20:163 GameCard/(11634:11644): Error de conexion

[ERROR] 19:44:20:163 GameCard/(11634:11644): No se pudo conectar con el Broken a la cola de: 0

[ERROR] 19:44:20:172 GameCard/(11634:11646): Error de conexion

[ERROR] 19:44:20:172 GameCard/(11634:11645): Error de conexion

[ERROR] 19:44:20:172 GameCard/(11634:11646): No se pudo conectar con el Broken a la cola de: 2

[ERROR] 19:44:20:173 GameCard/(11634:11645): No se pudo conectar con el Broken a la cola de: 1

[ERROR] 19:44:33:113 GameCard/(11634:11645): Error de conexion

[ERROR] 19:44:33:113 GameCard/(11634:11645): No se pudo conectar con el Broken a la cola de: 1

[ERROR] 19:44:33:113 GameCard/(11634:11644): Error de conexion

[ERROR] 19:44:33:113 GameCard/(11634:11644): No se pudo conectar con el Broken a la cola de: 0

[ERROR] 19:44:33:113 GameCard/(11634:11646): Error de conexion

[ERROR] 19:44:33:113 GameCard/(11634:11646): No se pudo conectar con el Broken a la cola de: 2

[ERROR] 19:45:02:876 GameCard/(11634:11644): Error de conexion

[ERROR] 19:45:02:877 GameCard/(11634:11646): Error de conexion

[ERROR] 19:45:02:877 GameCard/(11634:11644): No se pudo conectar con el Broken a la cola de: 0

[ERROR] 19:45:02:877 GameCard/(11634:11645): Error de conexion

[ERROR] 19:45:02:877 GameCard/(11634:11645): No se pudo conectar con el Broken a la cola de: 1

[ERROR] 19:45:02:877 GameCard/(11634:11646): No se pudo conectar con el Broken a la cola de: 2

[INFO] 19:45:06:87 GameCard/(11634:11649): Se puede escribir PIKACHU
[ERROR] 19:45:48:652 GameCard/(11634:11644): Error de conexion

[ERROR] 19:45:48:653 GameCard/(11634:11644): No se pudo conectar con el Broken a la cola de: 0

[ERROR] 19:45:48:655 GameCard/(11634:11645): Error de conexion

[ERROR] 19:45:48:655 GameCard/(11634:11645): No se pudo conectar con el Broken a la cola de: 1

[ERROR] 19:45:48:655 GameCard/(11634:11646): Error de conexion

[ERROR] 19:45:48:655 GameCard/(11634:11646): No se pudo conectar con el Broken a la cola de: 2

[INFO] 19:45:48:660 GameCard/(11634:11649): bloques 1
[INFO] 19:45:51:640 GameCard/(11634:11649): path en funcion:/home/utnso/Escritorio/tall-grass/Blocks/1.bin
[ERROR] 19:46:07:460 GameCard/(11634:11645): Error de conexion

[ERROR] 19:46:07:460 GameCard/(11634:11645): No se pudo conectar con el Broken a la cola de: 1

[ERROR] 19:46:07:460 GameCard/(11634:11644): Error de conexion

[ERROR] 19:46:07:460 GameCard/(11634:11644): No se pudo conectar con el Broken a la cola de: 0

[ERROR] 19:46:07:461 GameCard/(11634:11646): Error de conexion

[ERROR] 19:46:07:461 GameCard/(11634:11646): No se pudo conectar con el Broken a la cola de: 2

[INFO] 19:46:07:469 GameCard/(11634:11649): path /home/utnso/Escritorio/tall-grass/Blocks/1.bin
[ERROR] 19:46:21:980 GameCard/(11634:11646): Error de conexion

[ERROR] 19:46:21:981 GameCard/(11634:11646): No se pudo conectar con el Broken a la cola de: 2

[ERROR] 19:46:21:981 GameCard/(11634:11645): Error de conexion

[ERROR] 19:46:21:981 GameCard/(11634:11645): No se pudo conectar con el Broken a la cola de: 1

[ERROR] 19:46:21:981 GameCard/(11634:11644): Error de conexion

[ERROR] 19:46:21:981 GameCard/(11634:11644): No se pudo conectar con el Broken a la cola de: 0

[INFO] 19:46:29:587 GameCard/(11634:11649): Tamanio de bloque 10
[ERROR] 19:47:05:110 GameCard/(11634:11644): Error de conexion

[ERROR] 19:47:05:111 GameCard/(11634:11644): No se pudo conectar con el Broken a la cola de: 0

[ERROR] 19:47:05:111 GameCard/(11634:11646): Error de conexion

[ERROR] 19:47:05:111 GameCard/(11634:11646): No se pudo conectar con el Broken a la cola de: 2

[ERROR] 19:47:05:111 GameCard/(11634:11645): Error de conexion

[ERROR] 19:47:05:111 GameCard/(11634:11645): No se pudo conectar con el Broken a la cola de: 1

[INFO] 19:47:05:113 GameCard/(11634:11649): bloqueConDatos 1-1=10
3-5
[ERROR] 19:47:21:86 GameCard/(11634:11645): Error de conexion

[ERROR] 19:47:21:86 GameCard/(11634:11645): No se pudo conectar con el Broken a la cola de: 1

[ERROR] 19:47:21:86 GameCard/(11634:11646): Error de conexion

[ERROR] 19:47:21:88 GameCard/(11634:11646): No se pudo conectar con el Broken a la cola de: 2

[ERROR] 19:47:21:86 GameCard/(11634:11644): Error de conexion

[ERROR] 19:47:21:88 GameCard/(11634:11644): No se pudo conectar con el Broken a la cola de: 0

[INFO] 19:47:21:99 GameCard/(11634:11649): bloques 2
[INFO] 19:47:27:162 GameCard/(11634:11649): path en funcion:/home/utnso/Escritorio/tall-grass/Blocks/2.bin
[ERROR] 19:47:34:847 GameCard/(11634:11644): Error de conexion

[ERROR] 19:47:34:847 GameCard/(11634:11644): No se pudo conectar con el Broken a la cola de: 0

[ERROR] 19:47:34:848 GameCard/(11634:11646): Error de conexion

[ERROR] 19:47:34:848 GameCard/(11634:11646): No se pudo conectar con el Broken a la cola de: 2

[ERROR] 19:47:34:848 GameCard/(11634:11645): Error de conexion

[ERROR] 19:47:34:849 GameCard/(11634:11645): No se pudo conectar con el Broken a la cola de: 1

[INFO] 19:47:34:858 GameCard/(11634:11649): path /home/utnso/Escritorio/tall-grass/Blocks/2.bin
[ERROR] 19:48:41:974 GameCard/(11634:11645): Error de conexion

[ERROR] 19:48:41:974 GameCard/(11634:11644): Error de conexion

[ERROR] 19:48:41:974 GameCard/(11634:11646): Error de conexion

[ERROR] 19:48:41:974 GameCard/(11634:11645): No se pudo conectar con el Broken a la cola de: 1

[ERROR] 19:48:41:974 GameCard/(11634:11646): No se pudo conectar con el Broken a la cola de: 2

[ERROR] 19:48:41:974 GameCard/(11634:11644): No se pudo conectar con el Broken a la cola de: 0

[INFO] 19:48:45:755 GameCard/(11634:11649): Tamanio de bloque 10
[ERROR] 19:49:10:590 GameCard/(11634:11644): Error de conexion

[ERROR] 19:49:10:590 GameCard/(11634:11645): Error de conexion

[ERROR] 19:49:10:590 GameCard/(11634:11644): No se pudo conectar con el Broken a la cola de: 0

[ERROR] 19:49:10:590 GameCard/(11634:11645): No se pudo conectar con el Broken a la cola de: 1

[ERROR] 19:49:10:591 GameCard/(11634:11646): Error de conexion

[ERROR] 19:49:10:591 GameCard/(11634:11646): No se pudo conectar con el Broken a la cola de: 2

[INFO] 19:49:10:592 GameCard/(11634:11649): bloqueConDatos =1
6-6=126
[ERROR] 19:49:22:434 GameCard/(11634:11644): Error de conexion

[ERROR] 19:49:22:435 GameCard/(11634:11645): Error de conexion

[ERROR] 19:49:22:435 GameCard/(11634:11646): Error de conexion

[ERROR] 19:49:22:435 GameCard/(11634:11644): No se pudo conectar con el Broken a la cola de: 0

[ERROR] 19:49:22:435 GameCard/(11634:11645): No se pudo conectar con el Broken a la cola de: 1

[ERROR] 19:49:22:435 GameCard/(11634:11646): No se pudo conectar con el Broken a la cola de: 2

[INFO] 19:49:28:807 GameCard/(11634:11649): levantado 
1-1=10
3-5=1
6-6=126
[ERROR] 19:49:51:945 GameCard/(11634:11646): Error de conexion

[ERROR] 19:49:51:945 GameCard/(11634:11644): Error de conexion

[ERROR] 19:49:51:945 GameCard/(11634:11645): Error de conexion

[ERROR] 19:49:51:946 GameCard/(11634:11646): No se pudo conectar con el Broken a la cola de: 2

[ERROR] 19:49:51:946 GameCard/(11634:11644): No se pudo conectar con el Broken a la cola de: 0

[ERROR] 19:49:51:946 GameCard/(11634:11645): No se pudo conectar con el Broken a la cola de: 1

[ERROR] 19:50:10:399 GameCard/(11634:11644): Error de conexion

[ERROR] 19:50:10:400 GameCard/(11634:11644): No se pudo conectar con el Broken a la cola de: 0

[ERROR] 19:50:10:401 GameCard/(11634:11645): Error de conexion

[ERROR] 19:50:10:403 GameCard/(11634:11646): Error de conexion

[ERROR] 19:50:10:403 GameCard/(11634:11645): No se pudo conectar con el Broken a la cola de: 1

[ERROR] 19:50:10:403 GameCard/(11634:11646): No se pudo conectar con el Broken a la cola de: 2

[ERROR] 19:50:23:555 GameCard/(11634:11646): Error de conexion

[ERROR] 19:50:23:555 GameCard/(11634:11646): No se pudo conectar con el Broken a la cola de: 2

[ERROR] 19:50:23:555 GameCard/(11634:11645): Error de conexion

[ERROR] 19:50:23:556 GameCard/(11634:11645): No se pudo conectar con el Broken a la cola de: 1

[ERROR] 19:50:23:556 GameCard/(11634:11644): Error de conexion

[ERROR] 19:50:23:556 GameCard/(11634:11644): No se pudo conectar con el Broken a la cola de: 0

[INFO] 19:50:25:371 GameCard/(11634:11649): lineas 0: 1-1=10 mide: 6
[ERROR] 19:51:00:889 GameCard/(11634:11644): Error de conexion

[ERROR] 19:51:00:889 GameCard/(11634:11644): No se pudo conectar con el Broken a la cola de: 0

[ERROR] 19:51:00:889 GameCard/(11634:11645): Error de conexion

[ERROR] 19:51:00:889 GameCard/(11634:11645): No se pudo conectar con el Broken a la cola de: 1

[ERROR] 19:51:00:889 GameCard/(11634:11646): Error de conexion

[ERROR] 19:51:00:889 GameCard/(11634:11646): No se pudo conectar con el Broken a la cola de: 2

[INFO] 20:21:50:508 GameCard/(13170:13170): Logger iniciado: GameCard.log

[INFO] 20:21:50:509 GameCard/(13170:13170): Se levanto el archivo de configuracion /home/utnso/workspace/tp-2020-1c-ManaOS-/GameCard/GameCard.config

[INFO] 20:21:50:509 GameCard/(13170:13170): Ruta de t_list pokemons: /home/utnso/Escritorio/tall-grass/Files/ 

[INFO] 20:21:50:509 GameCard/(13170:13170): Elemento en index 0: PIKACHU

[INFO] 20:21:50:509 GameCard/(13170:13170): Elemento en index 1: CHARIZARD

[INFO] 20:21:50:509 GameCard/(13170:13170): Montaje de metadata: /home/utnso/Escritorio/tall-grass/Metadata/Metadata.bin 

[INFO] 20:21:50:509 GameCard/(13170:13170): Tamanio archivo: 49
[INFO] 20:21:50:509 GameCard/(13170:13170): BLOCK_SIZE: 10
[INFO] 20:21:50:509 GameCard/(13170:13170): BLOCKS: 5192
[INFO] 20:21:50:509 GameCard/(13170:13170): MAGIC_NUMBER: TALL_GRASS
[INFO] 20:21:50:510 GameCard/(13170:13170): ESTRUCTURA METADATA: 10, 5192, TALL_GRASS
[INFO] 20:21:50:510 GameCard/(13170:13170): Montaje de bitmap: /home/utnso/Escritorio/tall-grass/Metadata/Bitmap.bin 

[INFO] 20:21:50:511 GameCard/(13170:13170): cargado: 5192
[INFO] 20:21:50:511 GameCard/(13170:13170): ::::Bitmap Iniciado::::
[INFO] 20:21:50:513 GameCard/(13170:13170): ::::Se creo hilo de GameBoy::::
[INFO] 20:21:50:534 GameCard/(13170:13170): ::::Se creo hilo de suscripcion para: 0::::
[ERROR] 20:21:50:539 GameCard/(13170:13186): Error de conexion

[ERROR] 20:21:50:539 GameCard/(13170:13186): No se pudo conectar con el Broken a la cola de: 0

[INFO] 20:21:50:541 GameCard/(13170:13170): ::::Se creo hilo de suscripcion para: 1::::
[ERROR] 20:21:50:542 GameCard/(13170:13187): Error de conexion

[INFO] 20:21:50:542 GameCard/(13170:13170): ::::Se creo hilo de suscripcion para: 2::::
[ERROR] 20:21:50:543 GameCard/(13170:13187): No se pudo conectar con el Broken a la cola de: 1

[ERROR] 20:21:50:543 GameCard/(13170:13188): Error de conexion

[ERROR] 20:21:50:543 GameCard/(13170:13188): No se pudo conectar con el Broken a la cola de: 2

[INFO] 20:21:54:794 GameCard/(13170:13193): Existe el pokemon PIKACHU
[INFO] 20:21:54:799 GameCard/(13170:13193): Montaje de path pokemon metadata: /home/utnso/Escritorio/tall-grass/Files/PIKACHU/Metadata.bin 

[INFO] 20:21:54:801 GameCard/(13170:13193): Tamanio archivo: 39
[INFO] 20:21:54:802 GameCard/(13170:13193): Mapeado /home/utnso/Escritorio/tall-grass/Files/PIKACHU/Metadata.bin
[INFO] 20:21:54:802 GameCard/(13170:13193): Se puede escribir PIKACHU
[INFO] 20:21:54:803 GameCard/(13170:13193): bloques 1
[INFO] 20:21:54:804 GameCard/(13170:13193): path en funcion:/home/utnso/Escritorio/tall-grass/Blocks/1.bin
[INFO] 20:21:54:804 GameCard/(13170:13193): path /home/utnso/Escritorio/tall-grass/Blocks/1.bin
[INFO] 20:21:54:804 GameCard/(13170:13193): Tamanio de bloque 10
[INFO] 20:21:54:804 GameCard/(13170:13193): bloqueConDatos 1-1=10
3-5
[INFO] 20:21:54:805 GameCard/(13170:13193): bloques 2
[INFO] 20:21:54:805 GameCard/(13170:13193): path en funcion:/home/utnso/Escritorio/tall-grass/Blocks/2.bin
[INFO] 20:21:54:805 GameCard/(13170:13193): path /home/utnso/Escritorio/tall-grass/Blocks/2.bin
[INFO] 20:21:54:805 GameCard/(13170:13193): Tamanio de bloque 10
[INFO] 20:21:54:805 GameCard/(13170:13193): bloqueConDatos =1
6-6=126
[INFO] 20:21:54:807 GameCard/(13170:13193): levantado 
1-1=10
3-5=1
6-6=126
[INFO] 20:21:54:807 GameCard/(13170:13193): lineas 0: 1-1=10 mide: 6
[INFO] 20:21:54:807 GameCard/(13170:13193): lineas 1: 3-5=1 mide: 5
[INFO] 20:21:54:807 GameCard/(13170:13193): lineas 2: 6-6=126 mide: 7
[INFO] 20:21:54:807 GameCard/(13170:13193): Esta en linea: 6-6=126
[INFO] 20:21:54:807 GameCard/(13170:13193): Cantidad Nueva: 136
[INFO] 20:21:54:807 GameCard/(13170:13193): Nueva Cantidad: 136
[INFO] 20:21:54:807 GameCard/(13170:13193): leido: 13
[INFO] 20:21:54:807 GameCard/(13170:13193): bloquesIntactos: 1
[INFO] 20:21:54:808 GameCard/(13170:13193): bloque a escribir: 1
[INFO] 20:21:54:808 GameCard/(13170:13193): path en funcion:/home/utnso/Escritorio/tall-grass/Blocks/1.bin
[INFO] 20:21:54:808 GameCard/(13170:13193): path a escribir: /home/utnso/Escritorio/tall-grass/Blocks/1.bin
[INFO] 20:21:54:808 GameCard/(13170:13193): bloque a escribir: 2
[INFO] 20:21:54:808 GameCard/(13170:13193): path en funcion:/home/utnso/Escritorio/tall-grass/Blocks/2.bin
[INFO] 20:21:54:808 GameCard/(13170:13193): path a escribir: /home/utnso/Escritorio/tall-grass/Blocks/2.bin
[INFO] 20:24:18:575 GameCard/(13294:13294): Logger iniciado: GameCard.log

[INFO] 20:24:18:575 GameCard/(13294:13294): Se levanto el archivo de configuracion /home/utnso/workspace/tp-2020-1c-ManaOS-/GameCard/GameCard.config

[INFO] 20:24:18:576 GameCard/(13294:13294): Ruta de t_list pokemons: /home/utnso/Escritorio/tall-grass/Files/ 

[INFO] 20:24:18:576 GameCard/(13294:13294): Elemento en index 0: PIKACHU

[INFO] 20:24:18:576 GameCard/(13294:13294): Elemento en index 1: CHARIZARD

[INFO] 20:24:18:576 GameCard/(13294:13294): Montaje de metadata: /home/utnso/Escritorio/tall-grass/Metadata/Metadata.bin 

[INFO] 20:24:18:576 GameCard/(13294:13294): Tamanio archivo: 49
[INFO] 20:24:18:576 GameCard/(13294:13294): BLOCK_SIZE: 10
[INFO] 20:24:18:576 GameCard/(13294:13294): BLOCKS: 5192
[INFO] 20:24:18:576 GameCard/(13294:13294): MAGIC_NUMBER: TALL_GRASS
[INFO] 20:24:18:576 GameCard/(13294:13294): ESTRUCTURA METADATA: 10, 5192, TALL_GRASS
[INFO] 20:24:18:576 GameCard/(13294:13294): Montaje de bitmap: /home/utnso/Escritorio/tall-grass/Metadata/Bitmap.bin 

[INFO] 20:24:18:576 GameCard/(13294:13294): cargado: 5192
[INFO] 20:24:18:576 GameCard/(13294:13294): ::::Bitmap Iniciado::::
[INFO] 20:24:18:581 GameCard/(13294:13294): ::::Se creo hilo de GameBoy::::
[INFO] 20:24:18:584 GameCard/(13294:13294): ::::Se creo hilo de suscripcion para: 0::::
[INFO] 20:24:18:585 GameCard/(13294:13294): ::::Se creo hilo de suscripcion para: 1::::
[ERROR] 20:24:18:588 GameCard/(13294:13302): Error de conexion

[ERROR] 20:24:18:589 GameCard/(13294:13302): No se pudo conectar con el Broken a la cola de: 1

[ERROR] 20:24:18:588 GameCard/(13294:13301): Error de conexion

[INFO] 20:24:18:593 GameCard/(13294:13294): ::::Se creo hilo de suscripcion para: 2::::
[ERROR] 20:24:18:593 GameCard/(13294:13303): Error de conexion

[ERROR] 20:24:18:594 GameCard/(13294:13301): No se pudo conectar con el Broken a la cola de: 0

[ERROR] 20:24:18:594 GameCard/(13294:13303): No se pudo conectar con el Broken a la cola de: 2

[INFO] 20:24:24:314 GameCard/(13294:13306): Existe el pokemon PIKACHU
[INFO] 20:24:24:314 GameCard/(13294:13306): Montaje de path pokemon metadata: /home/utnso/Escritorio/tall-grass/Files/PIKACHU/Metadata.bin 

[INFO] 20:24:24:314 GameCard/(13294:13306): Tamanio archivo: 39
[INFO] 20:24:24:314 GameCard/(13294:13306): Mapeado /home/utnso/Escritorio/tall-grass/Files/PIKACHU/Metadata.bin
[INFO] 20:24:24:314 GameCard/(13294:13306): Se puede escribir PIKACHU
[INFO] 20:24:24:314 GameCard/(13294:13306): bloques 1
[INFO] 20:24:24:314 GameCard/(13294:13306): path en funcion:/home/utnso/Escritorio/tall-grass/Blocks/1.bin
[INFO] 20:24:24:314 GameCard/(13294:13306): path /home/utnso/Escritorio/tall-grass/Blocks/1.bin
[INFO] 20:24:24:314 GameCard/(13294:13306): Tamanio de bloque 10
[INFO] 20:24:24:314 GameCard/(13294:13306): bloqueConDatos 1-1=10
3-5
[INFO] 20:24:24:315 GameCard/(13294:13306): bloques 2
[INFO] 20:24:24:315 GameCard/(13294:13306): path en funcion:/home/utnso/Escritorio/tall-grass/Blocks/2.bin
[INFO] 20:24:24:315 GameCard/(13294:13306): path /home/utnso/Escritorio/tall-grass/Blocks/2.bin
[INFO] 20:24:24:315 GameCard/(13294:13306): Tamanio de bloque 10
[INFO] 20:24:24:315 GameCard/(13294:13306): bloqueConDatos =1
6-6=126
[INFO] 20:24:24:315 GameCard/(13294:13306): levantado 
1-1=10
3-5=1
6-6=126
[INFO] 20:24:24:315 GameCard/(13294:13306): lineas 0: 1-1=10 mide: 6
[INFO] 20:24:24:318 GameCard/(13294:13306): lineas 1: 3-5=1 mide: 5
[INFO] 20:24:24:318 GameCard/(13294:13306): lineas 2: 6-6=126 mide: 7
[INFO] 20:24:24:318 GameCard/(13294:13306): Esta en linea: 6-6=126
[INFO] 20:24:24:318 GameCard/(13294:13306): Cantidad Nueva: 136
[INFO] 20:24:24:318 GameCard/(13294:13306): Nueva Cantidad: 136
[INFO] 20:24:24:318 GameCard/(13294:13306): leido: 13
[INFO] 20:24:24:318 GameCard/(13294:13306): bloquesIntactos: 1
[INFO] 20:24:24:318 GameCard/(13294:13306): bloque a escribir: 1
[INFO] 20:24:24:318 GameCard/(13294:13306): path en funcion:/home/utnso/Escritorio/tall-grass/Blocks/1.bin
[INFO] 20:24:24:318 GameCard/(13294:13306): path a escribir: /home/utnso/Escritorio/tall-grass/Blocks/1.bin
[INFO] 20:24:24:318 GameCard/(13294:13306): bloque a escribir: 2
[INFO] 20:24:24:318 GameCard/(13294:13306): path en funcion:/home/utnso/Escritorio/tall-grass/Blocks/2.bin
[INFO] 20:24:24:318 GameCard/(13294:13306): path a escribir: /home/utnso/Escritorio/tall-grass/Blocks/2.bin
[INFO] 20:46:08:249 GameCard/(14689:14689): Logger iniciado: GameCard.log

[INFO] 20:46:08:249 GameCard/(14689:14689): Se levanto el archivo de configuracion /home/utnso/workspace/tp-2020-1c-ManaOS-/GameCard/GameCard.config

[INFO] 20:46:08:249 GameCard/(14689:14689): Ruta de t_list pokemons: /home/utnso/Escritorio/tall-grass/Files/ 

[INFO] 20:46:08:249 GameCard/(14689:14689): Elemento en index 0: PIKACHU

[INFO] 20:46:08:249 GameCard/(14689:14689): Elemento en index 1: CHARIZARD

[INFO] 20:46:08:249 GameCard/(14689:14689): Montaje de metadata: /home/utnso/Escritorio/tall-grass/Metadata/Metadata.bin 

[INFO] 20:46:08:249 GameCard/(14689:14689): Tamanio archivo: 49
[INFO] 20:46:08:249 GameCard/(14689:14689): BLOCK_SIZE: 10
[INFO] 20:46:08:249 GameCard/(14689:14689): BLOCKS: 5192
[INFO] 20:46:08:249 GameCard/(14689:14689): MAGIC_NUMBER: TALL_GRASS
[INFO] 20:46:08:249 GameCard/(14689:14689): ESTRUCTURA METADATA: 10, 5192, TALL_GRASS
[INFO] 20:46:08:249 GameCard/(14689:14689): Montaje de bitmap: /home/utnso/Escritorio/tall-grass/Metadata/Bitmap.bin 

[INFO] 20:46:08:250 GameCard/(14689:14689): cargado: 5192
[INFO] 20:46:08:250 GameCard/(14689:14689): ::::Bitmap Iniciado::::
[INFO] 20:46:08:252 GameCard/(14689:14689): ::::Se creo hilo de GameBoy::::
[INFO] 20:46:08:257 GameCard/(14689:14689): ::::Se creo hilo de suscripcion para: 0::::
[ERROR] 20:46:08:261 GameCard/(14689:14702): Error de conexion

[ERROR] 20:46:08:264 GameCard/(14689:14702): No se pudo conectar con el Broken a la cola de: 0

[INFO] 20:46:08:268 GameCard/(14689:14689): ::::Se creo hilo de suscripcion para: 1::::
[ERROR] 20:46:08:273 GameCard/(14689:14703): Error de conexion

[ERROR] 20:46:08:273 GameCard/(14689:14703): No se pudo conectar con el Broken a la cola de: 1

[INFO] 20:46:08:273 GameCard/(14689:14689): ::::Se creo hilo de suscripcion para: 2::::
[ERROR] 20:46:08:273 GameCard/(14689:14704): Error de conexion

[ERROR] 20:46:08:276 GameCard/(14689:14704): No se pudo conectar con el Broken a la cola de: 2

[ERROR] 20:46:18:266 GameCard/(14689:14702): Error de conexion

[ERROR] 20:46:18:266 GameCard/(14689:14702): No se pudo conectar con el Broken a la cola de: 0

[ERROR] 20:46:18:275 GameCard/(14689:14703): Error de conexion

[ERROR] 20:46:18:275 GameCard/(14689:14703): No se pudo conectar con el Broken a la cola de: 1

[ERROR] 20:46:18:277 GameCard/(14689:14704): Error de conexion

[ERROR] 20:46:18:277 GameCard/(14689:14704): No se pudo conectar con el Broken a la cola de: 2

[INFO] 20:46:21:200 GameCard/(14689:14723): Existe el pokemon PIKACHU
[INFO] 20:46:21:202 GameCard/(14689:14723): Montaje de path pokemon metadata: /home/utnso/Escritorio/tall-grass/Files/PIKACHU/Metadata.bin 

[INFO] 20:46:21:203 GameCard/(14689:14723): Tamanio archivo: 39
[INFO] 20:46:21:204 GameCard/(14689:14723): Mapeado /home/utnso/Escritorio/tall-grass/Files/PIKACHU/Metadata.bin
[INFO] 20:46:21:204 GameCard/(14689:14723): Se puede escribir PIKACHU
[INFO] 20:46:21:204 GameCard/(14689:14723): bloques 1
[INFO] 20:46:21:204 GameCard/(14689:14723): path en funcion:/home/utnso/Escritorio/tall-grass/Blocks/1.bin
[INFO] 20:46:21:204 GameCard/(14689:14723): path /home/utnso/Escritorio/tall-grass/Blocks/1.bin
[INFO] 20:46:21:204 GameCard/(14689:14723): Tamanio de bloque 10
[INFO] 20:46:21:204 GameCard/(14689:14723): bloqueConDatos 1-1=10
3-5
[INFO] 20:46:21:204 GameCard/(14689:14723): bloques 2
[INFO] 20:46:21:205 GameCard/(14689:14723): path en funcion:/home/utnso/Escritorio/tall-grass/Blocks/2.bin
[INFO] 20:46:21:205 GameCard/(14689:14723): path /home/utnso/Escritorio/tall-grass/Blocks/2.bin
[INFO] 20:46:21:205 GameCard/(14689:14723): Tamanio de bloque 10
[INFO] 20:46:21:205 GameCard/(14689:14723): bloqueConDatos =1
6-6=126
[INFO] 20:46:21:205 GameCard/(14689:14723): levantado 
1-1=10
3-5=1
6-6=126
[INFO] 20:46:21:205 GameCard/(14689:14723): lineas 0: 1-1=10 mide: 6
[INFO] 20:46:21:205 GameCard/(14689:14723): lineas 1: 3-5=1 mide: 5
[INFO] 20:46:21:205 GameCard/(14689:14723): lineas 2: 6-6=126 mide: 7
[INFO] 20:46:21:205 GameCard/(14689:14723): Esta en linea: 6-6=126
[INFO] 20:46:21:205 GameCard/(14689:14723): Cantidad Nueva: 136
[INFO] 20:46:21:205 GameCard/(14689:14723): Nueva Cantidad: 136
[INFO] 20:46:21:205 GameCard/(14689:14723): leido: 13
[INFO] 20:46:21:205 GameCard/(14689:14723): bloquesIntactos: 1
[INFO] 20:46:21:205 GameCard/(14689:14723): bloque a escribir: 1
[INFO] 20:46:21:205 GameCard/(14689:14723): path en funcion:/home/utnso/Escritorio/tall-grass/Blocks/1.bin
[INFO] 20:46:21:205 GameCard/(14689:14723): path a escribir: /home/utnso/Escritorio/tall-grass/Blocks/1.bin
[INFO] 20:46:21:205 GameCard/(14689:14723): bloque a escribir: 2
[INFO] 20:46:21:205 GameCard/(14689:14723): path en funcion:/home/utnso/Escritorio/tall-grass/Blocks/2.bin
[INFO] 20:46:21:205 GameCard/(14689:14723): path a escribir: /home/utnso/Escritorio/tall-grass/Blocks/2.bin
[ERROR] 20:46:30:97 GameCard/(14689:14702): Error de conexion

[ERROR] 20:46:30:97 GameCard/(14689:14702): No se pudo conectar con el Broken a la cola de: 0

[ERROR] 20:46:30:99 GameCard/(14689:14704): Error de conexion

[ERROR] 20:46:30:99 GameCard/(14689:14704): No se pudo conectar con el Broken a la cola de: 2

[ERROR] 20:46:30:99 GameCard/(14689:14703): Error de conexion

[ERROR] 20:46:30:99 GameCard/(14689:14703): No se pudo conectar con el Broken a la cola de: 1

[INFO] 20:46:40:249 GameCard/(14689:14723): bloque a escribir: 0
[INFO] 20:46:40:249 GameCard/(14689:14723): path en funcion:/home/utnso/Escritorio/tall-grass/Blocks/0.bin
[INFO] 20:46:40:249 GameCard/(14689:14723): path a escribir: /home/utnso/Escritorio/tall-grass/Blocks/0.bin
[INFO] 21:03:35:57 GameCard/(15722:15722): Logger iniciado: GameCard.log

[INFO] 21:03:35:58 GameCard/(15722:15722): Se levanto el archivo de configuracion /home/utnso/workspace/tp-2020-1c-ManaOS-/GameCard/GameCard.config

[INFO] 21:03:35:58 GameCard/(15722:15722): Ruta de t_list pokemons: /home/utnso/Escritorio/tall-grass/Files/ 

[INFO] 21:03:35:58 GameCard/(15722:15722): Elemento en index 0: PIKACHU

[INFO] 21:03:35:58 GameCard/(15722:15722): Elemento en index 1: CHARIZARD

[INFO] 21:03:35:58 GameCard/(15722:15722): Montaje de metadata: /home/utnso/Escritorio/tall-grass/Metadata/Metadata.bin 

[INFO] 21:03:35:59 GameCard/(15722:15722): Tamanio archivo: 49
[INFO] 21:03:35:59 GameCard/(15722:15722): BLOCK_SIZE: 10
[INFO] 21:03:35:59 GameCard/(15722:15722): BLOCKS: 5192
[INFO] 21:03:35:59 GameCard/(15722:15722): MAGIC_NUMBER: TALL_GRASS
[INFO] 21:03:35:59 GameCard/(15722:15722): ESTRUCTURA METADATA: 10, 5192, TALL_GRASS
[INFO] 21:03:35:59 GameCard/(15722:15722): Montaje de bitmap: /home/utnso/Escritorio/tall-grass/Metadata/Bitmap.bin 

[INFO] 21:03:35:60 GameCard/(15722:15722): cargado: 5192
[INFO] 21:03:35:60 GameCard/(15722:15722): ::::Bitmap Iniciado::::
[INFO] 21:03:35:61 GameCard/(15722:15722): ::::Se creo hilo de GameBoy::::
[INFO] 21:03:35:63 GameCard/(15722:15722): ::::Se creo hilo de suscripcion para: 0::::
[ERROR] 21:03:35:67 GameCard/(15722:15753): Error de conexion

[ERROR] 21:03:35:67 GameCard/(15722:15753): No se pudo conectar con el Broken a la cola de: 0

[INFO] 21:03:35:68 GameCard/(15722:15722): ::::Se creo hilo de suscripcion para: 1::::
[ERROR] 21:03:35:70 GameCard/(15722:15754): Error de conexion

[ERROR] 21:03:35:70 GameCard/(15722:15754): No se pudo conectar con el Broken a la cola de: 1

[INFO] 21:03:35:70 GameCard/(15722:15722): ::::Se creo hilo de suscripcion para: 2::::
[ERROR] 21:03:35:72 GameCard/(15722:15755): Error de conexion

[ERROR] 21:03:35:73 GameCard/(15722:15755): No se pudo conectar con el Broken a la cola de: 2

[ERROR] 21:03:45:67 GameCard/(15722:15753): Error de conexion

[ERROR] 21:03:45:68 GameCard/(15722:15753): No se pudo conectar con el Broken a la cola de: 0

[ERROR] 21:03:45:70 GameCard/(15722:15754): Error de conexion

[ERROR] 21:03:45:71 GameCard/(15722:15754): No se pudo conectar con el Broken a la cola de: 1

[ERROR] 21:03:45:73 GameCard/(15722:15755): Error de conexion

[ERROR] 21:03:45:74 GameCard/(15722:15755): No se pudo conectar con el Broken a la cola de: 2

[INFO] 21:03:53:802 GameCard/(15722:15766): Existe el pokemon PIKACHU
[INFO] 21:03:53:802 GameCard/(15722:15766): Montaje de path pokemon metadata: /home/utnso/Escritorio/tall-grass/Files/PIKACHU/Metadata.bin 

[INFO] 21:03:53:802 GameCard/(15722:15766): Tamanio archivo: 39
[INFO] 21:03:53:802 GameCard/(15722:15766): Mapeado /home/utnso/Escritorio/tall-grass/Files/PIKACHU/Metadata.bin
[INFO] 21:03:53:803 GameCard/(15722:15766): Se puede escribir PIKACHU
[INFO] 21:03:53:803 GameCard/(15722:15766): bloques 1
[INFO] 21:03:53:803 GameCard/(15722:15766): path en funcion:/home/utnso/Escritorio/tall-grass/Blocks/1.bin
[INFO] 21:03:53:803 GameCard/(15722:15766): path /home/utnso/Escritorio/tall-grass/Blocks/1.bin
[INFO] 21:03:53:803 GameCard/(15722:15766): Tamanio de bloque 10
[INFO] 21:03:53:803 GameCard/(15722:15766): bloqueConDatos 1-1=10
3-5
[INFO] 21:03:53:803 GameCard/(15722:15766): bloques 2
[INFO] 21:03:53:803 GameCard/(15722:15766): path en funcion:/home/utnso/Escritorio/tall-grass/Blocks/2.bin
[INFO] 21:03:53:803 GameCard/(15722:15766): path /home/utnso/Escritorio/tall-grass/Blocks/2.bin
[INFO] 21:03:53:803 GameCard/(15722:15766): Tamanio de bloque 10
[INFO] 21:03:53:804 GameCard/(15722:15766): bloqueConDatos =1
6-6=126
[INFO] 21:03:53:804 GameCard/(15722:15766): levantado 
1-1=10
3-5=1
6-6=126
[INFO] 21:03:53:804 GameCard/(15722:15766): lineas 0: 1-1=10 mide: 6
[INFO] 21:03:53:804 GameCard/(15722:15766): lineas 1: 3-5=1 mide: 5
[INFO] 21:03:53:804 GameCard/(15722:15766): lineas 2: 6-6=126 mide: 7
[INFO] 21:03:53:804 GameCard/(15722:15766): Esta en linea: 6-6=126
[INFO] 21:03:53:804 GameCard/(15722:15766): Cantidad Nueva: 136
[INFO] 21:03:53:804 GameCard/(15722:15766): Nueva Cantidad: 136
[INFO] 21:03:53:804 GameCard/(15722:15766): leido: 13
[INFO] 21:03:53:804 GameCard/(15722:15766): bloquesIntactos: 1
[INFO] 21:03:53:804 GameCard/(15722:15766): bloque a escribir: 1
[INFO] 21:03:53:804 GameCard/(15722:15766): path en funcion:/home/utnso/Escritorio/tall-grass/Blocks/1.bin
[INFO] 21:03:53:804 GameCard/(15722:15766): path a escribir: /home/utnso/Escritorio/tall-grass/Blocks/1.bin
[INFO] 21:03:53:804 GameCard/(15722:15766): bloque a escribir: 2
[INFO] 21:03:53:804 GameCard/(15722:15766): path en funcion:/home/utnso/Escritorio/tall-grass/Blocks/2.bin
[INFO] 21:03:53:805 GameCard/(15722:15766): path a escribir: /home/utnso/Escritorio/tall-grass/Blocks/2.bin
[INFO] 21:03:53:805 GameCard/(15722:15766): bloque a escribir: 0
[INFO] 21:03:53:805 GameCard/(15722:15766): path en funcion:/home/utnso/Escritorio/tall-grass/Blocks/0.bin
[INFO] 21:03:53:805 GameCard/(15722:15766): path a escribir: /home/utnso/Escritorio/tall-grass/Blocks/0.bin
[INFO] 21:46:28:245 GameCard/(17508:17508): Logger iniciado: GameCard.log

[INFO] 21:46:28:248 GameCard/(17508:17508): Se levanto el archivo de configuracion /home/utnso/workspace/tp-2020-1c-ManaOS-/GameCard/GameCard.config

[INFO] 21:46:28:248 GameCard/(17508:17508): Ruta de t_list pokemons: /home/utnso/Escritorio/tall-grass/Files/ 

[INFO] 21:46:28:248 GameCard/(17508:17508): Elemento en index 0: PIKACHU

[INFO] 21:46:28:248 GameCard/(17508:17508): Elemento en index 1: CHARIZARD

[INFO] 21:46:28:248 GameCard/(17508:17508): Montaje de metadata: /home/utnso/Escritorio/tall-grass/Metadata/Metadata.bin 

[INFO] 21:46:28:248 GameCard/(17508:17508): Tamanio archivo: 49
[INFO] 21:46:28:249 GameCard/(17508:17508): BLOCK_SIZE: 10
[INFO] 21:46:28:249 GameCard/(17508:17508): BLOCKS: 5192
[INFO] 21:46:28:249 GameCard/(17508:17508): MAGIC_NUMBER: TALL_GRASS
[INFO] 21:46:28:250 GameCard/(17508:17508): ESTRUCTURA METADATA: 10, 5192, TALL_GRASS
[INFO] 21:46:28:252 GameCard/(17508:17508): Montaje de bitmap: /home/utnso/Escritorio/tall-grass/Metadata/Bitmap.bin 

[INFO] 21:46:28:256 GameCard/(17508:17508): cargado: 5192
[INFO] 21:46:28:257 GameCard/(17508:17508): ::::Bitmap Iniciado::::
[INFO] 21:46:28:262 GameCard/(17508:17508): ::::Se creo hilo de GameBoy::::
[INFO] 21:46:28:265 GameCard/(17508:17508): ::::Se creo hilo de suscripcion para: 0::::
[ERROR] 21:46:28:266 GameCard/(17508:17539): Error de conexion

[ERROR] 21:46:28:267 GameCard/(17508:17539): No se pudo conectar con el Broken a la cola de: 0

[INFO] 21:46:28:267 GameCard/(17508:17508): ::::Se creo hilo de suscripcion para: 1::::
[ERROR] 21:46:28:268 GameCard/(17508:17540): Error de conexion

[ERROR] 21:46:28:268 GameCard/(17508:17540): No se pudo conectar con el Broken a la cola de: 1

[INFO] 21:46:28:269 GameCard/(17508:17508): ::::Se creo hilo de suscripcion para: 2::::
[ERROR] 21:46:28:269 GameCard/(17508:17541): Error de conexion

[ERROR] 21:46:28:269 GameCard/(17508:17541): No se pudo conectar con el Broken a la cola de: 2

[ERROR] 21:46:38:267 GameCard/(17508:17539): Error de conexion

[ERROR] 21:46:38:268 GameCard/(17508:17539): No se pudo conectar con el Broken a la cola de: 0

[ERROR] 21:46:38:269 GameCard/(17508:17540): Error de conexion

[ERROR] 21:46:38:269 GameCard/(17508:17540): No se pudo conectar con el Broken a la cola de: 1

[ERROR] 21:46:38:270 GameCard/(17508:17541): Error de conexion

[ERROR] 21:46:38:270 GameCard/(17508:17541): No se pudo conectar con el Broken a la cola de: 2

[INFO] 21:46:39:743 GameCard/(17508:17547): Existe el pokemon PIKACHU
[INFO] 21:46:39:744 GameCard/(17508:17547): Montaje de path pokemon metadata: /home/utnso/Escritorio/tall-grass/Files/PIKACHU/Metadata.bin 

[INFO] 21:46:39:745 GameCard/(17508:17547): Tamanio archivo: 39
[INFO] 21:46:39:746 GameCard/(17508:17547): Mapeado /home/utnso/Escritorio/tall-grass/Files/PIKACHU/Metadata.bin
[INFO] 21:46:39:747 GameCard/(17508:17547): Se puede escribir PIKACHU
[INFO] 21:46:39:748 GameCard/(17508:17547): bloques 1
[INFO] 21:46:39:748 GameCard/(17508:17547): path en funcion:/home/utnso/Escritorio/tall-grass/Blocks/1.bin
[INFO] 21:46:39:748 GameCard/(17508:17547): path /home/utnso/Escritorio/tall-grass/Blocks/1.bin
[INFO] 21:46:39:749 GameCard/(17508:17547): Tamanio de bloque 10
[INFO] 21:46:39:749 GameCard/(17508:17547): bloqueConDatos 1-1=10
3-5
[INFO] 21:46:39:749 GameCard/(17508:17547): bloques 2
[INFO] 21:46:39:749 GameCard/(17508:17547): path en funcion:/home/utnso/Escritorio/tall-grass/Blocks/2.bin
[INFO] 21:46:39:749 GameCard/(17508:17547): path /home/utnso/Escritorio/tall-grass/Blocks/2.bin
[INFO] 21:46:39:749 GameCard/(17508:17547): Tamanio de bloque 10
[INFO] 21:46:39:749 GameCard/(17508:17547): bloqueConDatos =1
6-6=126
[INFO] 21:46:39:749 GameCard/(17508:17547): levantado 
1-1=10
3-5=1
6-6=126
[INFO] 21:46:39:749 GameCard/(17508:17547): lineas 0: 1-1=10 mide: 6
[INFO] 21:46:39:750 GameCard/(17508:17547): lineas 1: 3-5=1 mide: 5
[INFO] 21:46:39:750 GameCard/(17508:17547): lineas 2: 6-6=126 mide: 7
[INFO] 21:46:39:750 GameCard/(17508:17547): Esta en linea: 6-6=126
[INFO] 21:46:39:750 GameCard/(17508:17547): Cantidad Nueva: 136
[INFO] 21:46:39:750 GameCard/(17508:17547): Nueva Cantidad: 136
[INFO] 21:46:39:750 GameCard/(17508:17547): leido: 13
[INFO] 21:46:39:750 GameCard/(17508:17547): bloquesIntactos: 1
[INFO] 21:46:39:750 GameCard/(17508:17547): bloque a escribir: 1
[INFO] 21:46:39:750 GameCard/(17508:17547): path en funcion:/home/utnso/Escritorio/tall-grass/Blocks/1.bin
[INFO] 21:46:39:750 GameCard/(17508:17547): path a escribir: /home/utnso/Escritorio/tall-grass/Blocks/1.bin
[INFO] 21:46:39:750 GameCard/(17508:17547): bloque a escribir: 2
[INFO] 21:46:39:750 GameCard/(17508:17547): path en funcion:/home/utnso/Escritorio/tall-grass/Blocks/2.bin
[INFO] 21:46:39:750 GameCard/(17508:17547): path a escribir: /home/utnso/Escritorio/tall-grass/Blocks/2.bin
[INFO] 21:46:39:751 GameCard/(17508:17547): bloque a escribir: 0
[INFO] 21:46:39:751 GameCard/(17508:17547): path en funcion:/home/utnso/Escritorio/tall-grass/Blocks/0.bin
[INFO] 21:46:39:751 GameCard/(17508:17547): path a escribir: /home/utnso/Escritorio/tall-grass/Blocks/0.bin
